<?xml version="1.0" encoding="UTF-8"?>
<robot generator="Robot 5.0 (Python 3.10.4 on win32)" generated="20220427 22:59:33.557" rpa="false" schemaversion="3">
<suite id="s1" name="Online" source="E:\bootcamp_robot_qaninja\yodapp\online.robot">
<test id="s1-t1" name="Yodapp deve estar online" line="9">
<kw name="New Browser" library="Browser">
<arg>chromium</arg>
<arg>headless=False</arg>
<arg>slowMo=00:00:01</arg>
<tag>BrowserControl</tag>
<tag>Setter</tag>
<doc>Create a new playwright Browser with specified options.</doc>
<msg timestamp="20220427 22:59:34.307" level="INFO">{"browser": "chromium", "headless": false, "handleSIGINT": true, "handleSIGTERM": true, "handleSIGHUP": true, "timeout": 30000.0, "devtools": false, "slowMo": 1000.0, "tracesDir": "E:\\bootcamp_robot_qaninja\\yodapp\\logs\\browser\\traces\\261abc43-5280-4af9-a238-828e64caa4db"}</msg>
<msg timestamp="20220427 22:59:35.095" level="INFO">Successfully created browser with options: {"browser":"chromium","headless":false,"handleSIGINT":true,"handleSIGTERM":true,"handleSIGHUP":true,"timeout":30000,"devtools":false,"slowMo":1000,"tracesDir":"E:\\bootcamp_robot_qaninja\\yodapp\\logs\\browser\\traces\\261abc43-5280-4af9-a238-828e64caa4db"}</msg>
<status status="PASS" starttime="20220427 22:59:34.306" endtime="20220427 22:59:35.095"/>
</kw>
<kw name="New Page" library="Browser">
<arg>https://yodapp.vercel.app/</arg>
<tag>BrowserControl</tag>
<tag>Setter</tag>
<doc>Open a new Page.</doc>
<msg timestamp="20220427 22:59:36.884" level="INFO">Successfully initialized new page object and opened url: https://yodapp.vercel.app/</msg>
<msg timestamp="20220427 22:59:36.884" level="INFO">No context was open. New context was automatically opened when this page is created.</msg>
<status status="PASS" starttime="20220427 22:59:35.095" endtime="20220427 22:59:36.884"/>
</kw>
<kw name="Get Title" library="Browser">
<arg>equal</arg>
<arg>Yodapp | QAninja</arg>
<tag>Assertion</tag>
<tag>Getter</tag>
<tag>PageContent</tag>
<doc>Returns the title of the current page.</doc>
<status status="PASS" starttime="20220427 22:59:36.884" endtime="20220427 22:59:36.893"/>
</kw>
<kw name="Take Screenshot" library="Browser">
<tag>PageContent</tag>
<doc>Takes a screenshot of the current window or element and saves it to disk.</doc>
<msg timestamp="20220427 22:59:37.161" level="INFO" html="true">&lt;/td&gt;&lt;/tr&gt;&lt;tr&gt;&lt;td colspan="3"&gt;&lt;a href="browser/screenshot/robotframework-browser-screenshot-1.png"&gt;&lt;img src="browser/screenshot/robotframework-browser-screenshot-1.png" width="800px"&gt;&lt;/a&gt;</msg>
<status status="PASS" starttime="20220427 22:59:36.895" endtime="20220427 22:59:37.161"/>
</kw>
<status status="PASS" starttime="20220427 22:59:34.299" endtime="20220427 22:59:37.162"/>
</test>
<doc>Suíte de testes para verificar se o app está online</doc>
<status status="PASS" starttime="20220427 22:59:33.557" endtime="20220427 22:59:37.237"/>
</suite>
<statistics>
<total>
<stat pass="1" fail="0" skip="0">All Tests</stat>
</total>
<tag>
</tag>
<suite>
<stat pass="1" fail="0" skip="0" id="s1" name="Online">Online</stat>
</suite>
</statistics>
<errors>
</errors>
</robot>
