<?xml version="1.0" encoding="UTF-8"?>
<robot generator="Robot 5.0 (Python 3.10.4 on win32)" generated="20220429 07:45:13.468" rpa="false" schemaversion="3">
<suite id="s1" name="Cadastro" source="E:\bootcamp_robot_qaninja\yodapp\cadastro.robot">
<test id="s1-t1" name="Deve cadastrar um novo personagem" line="9">
<kw name="Start Session" library="base" type="SETUP">
<kw name="New Browser" library="Browser">
<arg>chromium</arg>
<arg>headless=False</arg>
<arg>slowMo=00:00:01</arg>
<tag>BrowserControl</tag>
<tag>Setter</tag>
<doc>Create a new playwright Browser with specified options.</doc>
<msg timestamp="20220429 07:45:15.196" level="INFO">{"browser": "chromium", "headless": false, "handleSIGINT": true, "handleSIGTERM": true, "handleSIGHUP": true, "timeout": 30000.0, "devtools": false, "slowMo": 1000.0, "tracesDir": "E:\\bootcamp_robot_qaninja\\yodapp\\logs\\browser\\traces\\f33c1fc4-cbc5-4ab1-b5ee-329bdce05195"}</msg>
<msg timestamp="20220429 07:45:16.536" level="INFO">Successfully created browser with options: {"browser":"chromium","headless":false,"handleSIGINT":true,"handleSIGTERM":true,"handleSIGHUP":true,"timeout":30000,"devtools":false,"slowMo":1000,"tracesDir":"E:\\bootcamp_robot_qaninja\\yodapp\\logs\\browser\\traces\\f33c1fc4-cbc5-4ab1-b5ee-329bdce05195"}</msg>
<status status="PASS" starttime="20220429 07:45:15.194" endtime="20220429 07:45:16.536"/>
</kw>
<kw name="New Page" library="Browser">
<arg>https://yodapp.vercel.app/</arg>
<tag>BrowserControl</tag>
<tag>Setter</tag>
<doc>Open a new Page.</doc>
<msg timestamp="20220429 07:45:19.292" level="INFO">Successfully initialized new page object and opened url: https://yodapp.vercel.app/</msg>
<msg timestamp="20220429 07:45:19.292" level="INFO">No context was open. New context was automatically opened when this page is created.</msg>
<status status="PASS" starttime="20220429 07:45:16.537" endtime="20220429 07:45:19.292"/>
</kw>
<status status="PASS" starttime="20220429 07:45:15.191" endtime="20220429 07:45:19.292"/>
</kw>
<kw name="Click" library="Browser">
<arg>css=a[href="/new"]</arg>
<tag>PageContent</tag>
<tag>Setter</tag>
<doc>Simulates mouse click on the element found by ``selector``.</doc>
<status status="PASS" starttime="20220429 07:45:19.300" endtime="20220429 07:45:20.467"/>
</kw>
<kw name="Wait For Elements State" library="Browser">
<arg>css=p[class="card-header-title"]</arg>
<tag>PageContent</tag>
<tag>Wait</tag>
<doc>Waits for the element found by ``selector`` to satisfy state option.</doc>
<msg timestamp="20220429 07:45:20.508" level="INFO">Waited for Element with selector css=p[class="card-header-title"] at state visible</msg>
<status status="PASS" starttime="20220429 07:45:20.468" endtime="20220429 07:45:20.508"/>
</kw>
<kw name="Fill Text" library="Browser">
<arg>css=input[placeholder^="Nome"]</arg>
<arg>Mestre Yoda</arg>
<tag>PageContent</tag>
<tag>Setter</tag>
<doc>Clears and fills the given ``txt`` into the text field found by ``selector``.</doc>
<msg timestamp="20220429 07:45:20.510" level="INFO">Fills the text 'Mestre Yoda' in the given field.</msg>
<status status="PASS" starttime="20220429 07:45:20.509" endtime="20220429 07:45:21.583"/>
</kw>
<kw name="Fill Text" library="Browser">
<arg>css=input[placeholder*="ail"]</arg>
<arg>yoda@jedi.com</arg>
<tag>PageContent</tag>
<tag>Setter</tag>
<doc>Clears and fills the given ``txt`` into the text field found by ``selector``.</doc>
<msg timestamp="20220429 07:45:21.585" level="INFO">Fills the text 'yoda@jedi.com' in the given field.</msg>
<status status="PASS" starttime="20220429 07:45:21.584" endtime="20220429 07:45:22.687"/>
</kw>
<kw name="Select Options By" library="Browser">
<arg>css=.ordem select</arg>
<arg>text</arg>
<arg>Jedi</arg>
<tag>PageContent</tag>
<tag>Setter</tag>
<doc>Selects options from select element found by ``selector``.</doc>
<status status="PASS" starttime="20220429 07:45:22.687" endtime="20220429 07:45:23.914"/>
</kw>
<kw name="Select Birth date">
<arg>8</arg>
<arg>julho</arg>
<arg>1990</arg>
<kw name="Click" library="Browser">
<arg>css=input[placeholder^="Data"]</arg>
<tag>PageContent</tag>
<tag>Setter</tag>
<doc>Simulates mouse click on the element found by ``selector``.</doc>
<status status="PASS" starttime="20220429 07:45:23.914" endtime="20220429 07:45:25.013"/>
</kw>
<kw name="Select Options By" library="Browser">
<arg>xpath=(//header[@class="datepicker-header"]//select)[1]</arg>
<arg>text</arg>
<arg>${mes}</arg>
<tag>PageContent</tag>
<tag>Setter</tag>
<doc>Selects options from select element found by ``selector``.</doc>
<status status="PASS" starttime="20220429 07:45:25.013" endtime="20220429 07:45:26.279"/>
</kw>
<kw name="Select Options By" library="Browser">
<arg>xpath=(//header[@class="datepicker-header"]//select)[2]</arg>
<arg>text</arg>
<arg>${ano}</arg>
<tag>PageContent</tag>
<tag>Setter</tag>
<doc>Selects options from select element found by ``selector``.</doc>
<status status="PASS" starttime="20220429 07:45:26.280" endtime="20220429 07:45:29.954"/>
</kw>
<kw name="Click" library="Browser">
<arg>xpath=//a[contains(@class, "datepicker-cell")]//span[text()="${dia}"]</arg>
<tag>PageContent</tag>
<tag>Setter</tag>
<doc>Simulates mouse click on the element found by ``selector``.</doc>
<status status="PASS" starttime="20220429 07:45:29.954" endtime="20220429 07:45:31.020"/>
</kw>
<status status="PASS" starttime="20220429 07:45:23.914" endtime="20220429 07:45:31.021"/>
</kw>
<kw name="Fill Text" library="Browser">
<arg>css=input[placeholder$="gram"]</arg>
<arg>@yoda</arg>
<tag>PageContent</tag>
<tag>Setter</tag>
<doc>Clears and fills the given ``txt`` into the text field found by ``selector``.</doc>
<msg timestamp="20220429 07:45:31.021" level="INFO">Fills the text '@yoda' in the given field.</msg>
<status status="PASS" starttime="20220429 07:45:31.021" endtime="20220429 07:45:32.087"/>
</kw>
<kw name="End Session" library="base" type="TEARDOWN">
<kw name="Take Screenshot" library="Browser">
<tag>PageContent</tag>
<doc>Takes a screenshot of the current window or element and saves it to disk.</doc>
<msg timestamp="20220429 07:45:32.554" level="INFO" html="true">&lt;/td&gt;&lt;/tr&gt;&lt;tr&gt;&lt;td colspan="3"&gt;&lt;a href="browser/screenshot/robotframework-browser-screenshot-1.png"&gt;&lt;img src="browser/screenshot/robotframework-browser-screenshot-1.png" width="800px"&gt;&lt;/a&gt;</msg>
<status status="PASS" starttime="20220429 07:45:32.088" endtime="20220429 07:45:32.554"/>
</kw>
<status status="PASS" starttime="20220429 07:45:32.088" endtime="20220429 07:45:32.554"/>
</kw>
<status status="PASS" starttime="20220429 07:45:15.183" endtime="20220429 07:45:32.557"/>
</test>
<status status="PASS" starttime="20220429 07:45:13.469" endtime="20220429 07:45:32.677"/>
</suite>
<statistics>
<total>
<stat pass="1" fail="0" skip="0">All Tests</stat>
</total>
<tag>
</tag>
<suite>
<stat pass="1" fail="0" skip="0" id="s1" name="Cadastro">Cadastro</stat>
</suite>
</statistics>
<errors>
</errors>
</robot>
